<?xml version="1.0" encoding="UTF-8"?>
<testng-results skipped="0" failed="0" total="1" passed="1">
  <reporter-output>
  </reporter-output>
  <suite name="testExecution.test.scenarios.TestSuite" duration-ms="29068" started-at="2020-01-15T09:24:10Z" finished-at="2020-01-15T09:24:39Z">
    <groups>
    </groups>
    <test name="Command line test" duration-ms="29068" started-at="2020-01-15T09:24:10Z" finished-at="2020-01-15T09:24:39Z">
      <class name="testExecution.test.scenarios.TestSuite">
        <test-method status="PASS" signature="setUp()[pri:0, instance:testExecution.test.scenarios.TestSuite@146ba0ac]" name="setUp" is-config="true" duration-ms="17362" started-at="2020-01-15T10:24:10Z" finished-at="2020-01-15T10:24:27Z">
          <reporter-output>
          </reporter-output>
        </test-method> <!-- setUp -->
        <test-method status="PASS" signature="testName()[pri:0, instance:testExecution.test.scenarios.TestSuite@146ba0ac]" name="testName" duration-ms="1" started-at="2020-01-15T10:24:27Z" finished-at="2020-01-15T10:24:27Z">
          <reporter-output>
          </reporter-output>
        </test-method> <!-- testName -->
        <test-method status="PASS" signature="tearDown()[pri:0, instance:testExecution.test.scenarios.TestSuite@146ba0ac]" name="tearDown" is-config="true" duration-ms="11696" started-at="2020-01-15T10:24:27Z" finished-at="2020-01-15T10:24:39Z">
          <reporter-output>
          </reporter-output>
        </test-method> <!-- tearDown -->
      </class> <!-- testExecution.test.scenarios.TestSuite -->
    </test> <!-- Command line test -->
  </suite> <!-- testExecution.test.scenarios.TestSuite -->
</testng-results>
