<?xml version="1.0" encoding="UTF-8"?>
<testng-results skipped="0" failed="0" total="1" passed="1">
  <reporter-output>
  </reporter-output>
  <suite name="Default suite" duration-ms="50129" started-at="2020-01-29T10:12:11Z" finished-at="2020-01-29T10:13:01Z">
    <groups>
    </groups>
    <test name="Default test" duration-ms="50129" started-at="2020-01-29T10:12:11Z" finished-at="2020-01-29T10:13:01Z">
      <class name="testExecutions.test.scenarios.TestSuite">
        <test-method status="PASS" signature="setUp()[pri:0, instance:testExecutions.test.scenarios.TestSuite@a7e666]" name="setUp" is-config="true" duration-ms="27904" started-at="2020-01-29T11:12:11Z" finished-at="2020-01-29T11:12:39Z">
          <reporter-output>
          </reporter-output>
        </test-method> <!-- setUp -->
        <test-method status="PASS" signature="testName()[pri:0, instance:testExecutions.test.scenarios.TestSuite@a7e666]" name="testName" duration-ms="20188" started-at="2020-01-29T11:12:39Z" finished-at="2020-01-29T11:12:59Z">
          <reporter-output>
          </reporter-output>
        </test-method> <!-- testName -->
        <test-method status="PASS" signature="tearDown()[pri:0, instance:testExecutions.test.scenarios.TestSuite@a7e666]" name="tearDown" is-config="true" duration-ms="2018" started-at="2020-01-29T11:12:59Z" finished-at="2020-01-29T11:13:01Z">
          <reporter-output>
          </reporter-output>
        </test-method> <!-- tearDown -->
      </class> <!-- testExecutions.test.scenarios.TestSuite -->
    </test> <!-- Default test -->
  </suite> <!-- Default suite -->
</testng-results>
